<?xml version="1.0" encoding="UTF-8"?>
<testsuite xmlns:xsi="http://www.w3.org/2001/XMLSchema-instance" xsi:noNamespaceSchemaLocation="https://maven.apache.org/surefire/maven-surefire-plugin/xsd/surefire-test-report.xsd" version="3.0.2" name="TestPython" time="0.236" tests="1" errors="0" skipped="0" failures="0">
  <properties>
[...]
</properties>
  <testcase name="testParsePaylistPDF" classname="TestPython" time="0.229">
    <system-out><![CDATA[{"realName": "Huirong Jiao", "bankRef": "(015-025)*****4693", "referenceName": "JIAO H", "payAmount": "728.81", "grossPay": "819.81", "grossPayYtd": "3806.63", "tax": "91.00", "taxYtd": "450.00", "superannuation": "98.38", "superYtd": "456.80", "payPeriodStart": "08/09/2025", "payPeriodEnd": "14/09/2025", "paymentDate": "18/09/2025", "totalEarnings": "819.81", "netPay": "728.81", "ordinaryHours": "11.5000", "ordinaryHoursHourlyRate": "33.1900", "ordinaryHoursThisPay": "381.68", "ordinaryHoursYtd": "2193.52", "after6pmHours": "3.0000", "after6pmHoursHourlyRate": "39.8300", "after6pmHoursThisPay": "119.49", "after6pmHoursYtd": "657.19", "satHours": "8.0000", "satHoursHourlyRate": "39.8300", "satHoursThisPay": "318.64", "satHoursYtd": "955.92"}
解析结果：{realName=Huirong Jiao, bankRef=(015-025)*****4693, referenceName=JIAO H, payAmount=728.81, grossPay=819.81, grossPayYtd=3806.63, tax=91.00, taxYtd=450.00, superannuation=98.38, superYtd=456.80, payPeriodStart=08/09/2025, payPeriodEnd=14/09/2025, paymentDate=18/09/2025, totalEarnings=819.81, netPay=728.81, ordinaryHours=11.5000, ordinaryHoursHourlyRate=33.1900, ordinaryHoursThisPay=381.68, ordinaryHoursYtd=2193.52, after6pmHours=3.0000, after6pmHoursHourlyRate=39.8300, after6pmHoursThisPay=119.49, after6pmHoursYtd=657.19, satHours=8.0000, satHoursHourlyRate=39.8300, satHoursThisPay=318.64, satHoursYtd=955.92}
]]></system-out>
  </testcase>
</testsuite>